[2021-06-06 20:08:50] local.ERROR: Database (database.db) does not exist. (SQL: select count(*) as aggregate from "coupons") {"exception":"[object] (Illuminate\\Database\\QueryException(code: 0): Database (database.db) does not exist. (SQL: select count(*) as aggregate from \"coupons\") at /Users/pacman/safeboda/vendor/illuminate/database/Connection.php:685)
[stacktrace]
#0 /Users/pacman/safeboda/vendor/illuminate/database/Connection.php(645): Illuminate\\Database\\Connection->runQueryCallback('select count(*)...', Array, Object(Closure))
#1 /Users/pacman/safeboda/vendor/illuminate/database/Connection.php(353): Illuminate\\Database\\Connection->run('select count(*)...', Array, Object(Closure))
#2 /Users/pacman/safeboda/vendor/illuminate/database/Query/Builder.php(2351): Illuminate\\Database\\Connection->select('select count(*)...', Array, true)
#3 /Users/pacman/safeboda/vendor/illuminate/database/Query/Builder.php(2339): Illuminate\\Database\\Query\\Builder->runSelect()
#4 /Users/pacman/safeboda/vendor/illuminate/database/Query/Builder.php(2905): Illuminate\\Database\\Query\\Builder->Illuminate\\Database\\Query\\{closure}()
#5 /Users/pacman/safeboda/vendor/illuminate/database/Query/Builder.php(2340): Illuminate\\Database\\Query\\Builder->onceWithColumns(Array, Object(Closure))
#6 /Users/pacman/safeboda/vendor/illuminate/database/Query/Builder.php(2519): Illuminate\\Database\\Query\\Builder->get()
#7 /Users/pacman/safeboda/vendor/illuminate/database/Query/Builder.php(2478): Illuminate\\Database\\Query\\Builder->runPaginationCountQuery(Array)
#8 /Users/pacman/safeboda/vendor/illuminate/database/Eloquent/Builder.php(787): Illuminate\\Database\\Query\\Builder->getCountForPagination()
#9 /Users/pacman/safeboda/app/Http/Controllers/CouponController.php(15): Illuminate\\Database\\Eloquent\\Builder->paginate()
#10 /Users/pacman/safeboda/vendor/illuminate/container/BoundMethod.php(36): App\\Http\\Controllers\\CouponController->index()
#11 /Users/pacman/safeboda/vendor/illuminate/container/Util.php(40): Illuminate\\Container\\BoundMethod::Illuminate\\Container\\{closure}()
#12 /Users/pacman/safeboda/vendor/illuminate/container/BoundMethod.php(93): Illuminate\\Container\\Util::unwrapIfClosure(Object(Closure))
#13 /Users/pacman/safeboda/vendor/illuminate/container/BoundMethod.php(37): Illuminate\\Container\\BoundMethod::callBoundMethod(Object(Laravel\\Lumen\\Application), Array, Object(Closure))
#14 /Users/pacman/safeboda/vendor/illuminate/container/Container.php(614): Illuminate\\Container\\BoundMethod::call(Object(Laravel\\Lumen\\Application), Array, Array, NULL)
#15 /Users/pacman/safeboda/vendor/laravel/lumen-framework/src/Concerns/RoutesRequests.php(386): Illuminate\\Container\\Container->call(Array, Array)
#16 /Users/pacman/safeboda/vendor/laravel/lumen-framework/src/Concerns/RoutesRequests.php(352): Laravel\\Lumen\\Application->callControllerCallable(Array, Array)
#17 /Users/pacman/safeboda/vendor/laravel/lumen-framework/src/Concerns/RoutesRequests.php(326): Laravel\\Lumen\\Application->callLumenController(Object(App\\Http\\Controllers\\CouponController), 'index', Array)
#18 /Users/pacman/safeboda/vendor/laravel/lumen-framework/src/Concerns/RoutesRequests.php(279): Laravel\\Lumen\\Application->callControllerAction(Array)
#19 /Users/pacman/safeboda/vendor/laravel/lumen-framework/src/Concerns/RoutesRequests.php(264): Laravel\\Lumen\\Application->callActionOnArrayBasedRoute(Array)
#20 /Users/pacman/safeboda/vendor/laravel/lumen-framework/src/Concerns/RoutesRequests.php(166): Laravel\\Lumen\\Application->handleFoundRoute(Array)
#21 /Users/pacman/safeboda/vendor/laravel/lumen-framework/src/Concerns/RoutesRequests.php(426): Laravel\\Lumen\\Application->Laravel\\Lumen\\Concerns\\{closure}(Object(Laravel\\Lumen\\Http\\Request))
#22 /Users/pacman/safeboda/vendor/laravel/lumen-framework/src/Concerns/RoutesRequests.php(172): Laravel\\Lumen\\Application->sendThroughPipeline(Array, Object(Closure))
#23 /Users/pacman/safeboda/vendor/laravel/lumen-framework/src/Concerns/RoutesRequests.php(109): Laravel\\Lumen\\Application->dispatch(NULL)
#24 /Users/pacman/safeboda/public/index.php(28): Laravel\\Lumen\\Application->run()
#25 {main}

[previous exception] [object] (InvalidArgumentException(code: 0): Database (database.db) does not exist. at /Users/pacman/safeboda/vendor/illuminate/database/Connectors/SQLiteConnector.php:34)
[stacktrace]
#0 /Users/pacman/safeboda/vendor/illuminate/database/Connectors/ConnectionFactory.php(222): Illuminate\\Database\\Connectors\\SQLiteConnector->connect(Array)
#1 [internal function]: Illuminate\\Database\\Connectors\\ConnectionFactory->Illuminate\\Database\\Connectors\\{closure}()
#2 /Users/pacman/safeboda/vendor/illuminate/database/Connection.php(956): call_user_func(Object(Closure))
#3 /Users/pacman/safeboda/vendor/illuminate/database/Connection.php(991): Illuminate\\Database\\Connection->getPdo()
#4 /Users/pacman/safeboda/vendor/illuminate/database/Connection.php(419): Illuminate\\Database\\Connection->getReadPdo()
#5 /Users/pacman/safeboda/vendor/illuminate/database/Connection.php(345): Illuminate\\Database\\Connection->getPdoForSelect(true)
#6 /Users/pacman/safeboda/vendor/illuminate/database/Connection.php(678): Illuminate\\Database\\Connection->Illuminate\\Database\\{closure}('select count(*)...', Array)
#7 /Users/pacman/safeboda/vendor/illuminate/database/Connection.php(645): Illuminate\\Database\\Connection->runQueryCallback('select count(*)...', Array, Object(Closure))
#8 /Users/pacman/safeboda/vendor/illuminate/database/Connection.php(353): Illuminate\\Database\\Connection->run('select count(*)...', Array, Object(Closure))
#9 /Users/pacman/safeboda/vendor/illuminate/database/Query/Builder.php(2351): Illuminate\\Database\\Connection->select('select count(*)...', Array, true)
#10 /Users/pacman/safeboda/vendor/illuminate/database/Query/Builder.php(2339): Illuminate\\Database\\Query\\Builder->runSelect()
#11 /Users/pacman/safeboda/vendor/illuminate/database/Query/Builder.php(2905): Illuminate\\Database\\Query\\Builder->Illuminate\\Database\\Query\\{closure}()
#12 /Users/pacman/safeboda/vendor/illuminate/database/Query/Builder.php(2340): Illuminate\\Database\\Query\\Builder->onceWithColumns(Array, Object(Closure))
#13 /Users/pacman/safeboda/vendor/illuminate/database/Query/Builder.php(2519): Illuminate\\Database\\Query\\Builder->get()
#14 /Users/pacman/safeboda/vendor/illuminate/database/Query/Builder.php(2478): Illuminate\\Database\\Query\\Builder->runPaginationCountQuery(Array)
#15 /Users/pacman/safeboda/vendor/illuminate/database/Eloquent/Builder.php(787): Illuminate\\Database\\Query\\Builder->getCountForPagination()
#16 /Users/pacman/safeboda/app/Http/Controllers/CouponController.php(15): Illuminate\\Database\\Eloquent\\Builder->paginate()
#17 /Users/pacman/safeboda/vendor/illuminate/container/BoundMethod.php(36): App\\Http\\Controllers\\CouponController->index()
#18 /Users/pacman/safeboda/vendor/illuminate/container/Util.php(40): Illuminate\\Container\\BoundMethod::Illuminate\\Container\\{closure}()
#19 /Users/pacman/safeboda/vendor/illuminate/container/BoundMethod.php(93): Illuminate\\Container\\Util::unwrapIfClosure(Object(Closure))
#20 /Users/pacman/safeboda/vendor/illuminate/container/BoundMethod.php(37): Illuminate\\Container\\BoundMethod::callBoundMethod(Object(Laravel\\Lumen\\Application), Array, Object(Closure))
#21 /Users/pacman/safeboda/vendor/illuminate/container/Container.php(614): Illuminate\\Container\\BoundMethod::call(Object(Laravel\\Lumen\\Application), Array, Array, NULL)
#22 /Users/pacman/safeboda/vendor/laravel/lumen-framework/src/Concerns/RoutesRequests.php(386): Illuminate\\Container\\Container->call(Array, Array)
#23 /Users/pacman/safeboda/vendor/laravel/lumen-framework/src/Concerns/RoutesRequests.php(352): Laravel\\Lumen\\Application->callControllerCallable(Array, Array)
#24 /Users/pacman/safeboda/vendor/laravel/lumen-framework/src/Concerns/RoutesRequests.php(326): Laravel\\Lumen\\Application->callLumenController(Object(App\\Http\\Controllers\\CouponController), 'index', Array)
#25 /Users/pacman/safeboda/vendor/laravel/lumen-framework/src/Concerns/RoutesRequests.php(279): Laravel\\Lumen\\Application->callControllerAction(Array)
#26 /Users/pacman/safeboda/vendor/laravel/lumen-framework/src/Concerns/RoutesRequests.php(264): Laravel\\Lumen\\Application->callActionOnArrayBasedRoute(Array)
#27 /Users/pacman/safeboda/vendor/laravel/lumen-framework/src/Concerns/RoutesRequests.php(166): Laravel\\Lumen\\Application->handleFoundRoute(Array)
#28 /Users/pacman/safeboda/vendor/laravel/lumen-framework/src/Concerns/RoutesRequests.php(426): Laravel\\Lumen\\Application->Laravel\\Lumen\\Concerns\\{closure}(Object(Laravel\\Lumen\\Http\\Request))
#29 /Users/pacman/safeboda/vendor/laravel/lumen-framework/src/Concerns/RoutesRequests.php(172): Laravel\\Lumen\\Application->sendThroughPipeline(Array, Object(Closure))
#30 /Users/pacman/safeboda/vendor/laravel/lumen-framework/src/Concerns/RoutesRequests.php(109): Laravel\\Lumen\\Application->dispatch(NULL)
#31 /Users/pacman/safeboda/public/index.php(28): Laravel\\Lumen\\Application->run()
#32 {main}
"} 
[2021-06-06 20:09:10] local.ERROR: Database (database.db) does not exist. (SQL: select count(*) as aggregate from "coupons") {"exception":"[object] (Illuminate\\Database\\QueryException(code: 0): Database (database.db) does not exist. (SQL: select count(*) as aggregate from \"coupons\") at /Users/pacman/safeboda/vendor/illuminate/database/Connection.php:685)
[stacktrace]
#0 /Users/pacman/safeboda/vendor/illuminate/database/Connection.php(645): Illuminate\\Database\\Connection->runQueryCallback('select count(*)...', Array, Object(Closure))
#1 /Users/pacman/safeboda/vendor/illuminate/database/Connection.php(353): Illuminate\\Database\\Connection->run('select count(*)...', Array, Object(Closure))
#2 /Users/pacman/safeboda/vendor/illuminate/database/Query/Builder.php(2351): Illuminate\\Database\\Connection->select('select count(*)...', Array, true)
#3 /Users/pacman/safeboda/vendor/illuminate/database/Query/Builder.php(2339): Illuminate\\Database\\Query\\Builder->runSelect()
#4 /Users/pacman/safeboda/vendor/illuminate/database/Query/Builder.php(2905): Illuminate\\Database\\Query\\Builder->Illuminate\\Database\\Query\\{closure}()
#5 /Users/pacman/safeboda/vendor/illuminate/database/Query/Builder.php(2340): Illuminate\\Database\\Query\\Builder->onceWithColumns(Array, Object(Closure))
#6 /Users/pacman/safeboda/vendor/illuminate/database/Query/Builder.php(2519): Illuminate\\Database\\Query\\Builder->get()
#7 /Users/pacman/safeboda/vendor/illuminate/database/Query/Builder.php(2478): Illuminate\\Database\\Query\\Builder->runPaginationCountQuery(Array)
#8 /Users/pacman/safeboda/vendor/illuminate/database/Eloquent/Builder.php(787): Illuminate\\Database\\Query\\Builder->getCountForPagination()
#9 /Users/pacman/safeboda/app/Http/Controllers/CouponController.php(15): Illuminate\\Database\\Eloquent\\Builder->paginate()
#10 /Users/pacman/safeboda/vendor/illuminate/container/BoundMethod.php(36): App\\Http\\Controllers\\CouponController->index()
#11 /Users/pacman/safeboda/vendor/illuminate/container/Util.php(40): Illuminate\\Container\\BoundMethod::Illuminate\\Container\\{closure}()
#12 /Users/pacman/safeboda/vendor/illuminate/container/BoundMethod.php(93): Illuminate\\Container\\Util::unwrapIfClosure(Object(Closure))
#13 /Users/pacman/safeboda/vendor/illuminate/container/BoundMethod.php(37): Illuminate\\Container\\BoundMethod::callBoundMethod(Object(Laravel\\Lumen\\Application), Array, Object(Closure))
#14 /Users/pacman/safeboda/vendor/illuminate/container/Container.php(614): Illuminate\\Container\\BoundMethod::call(Object(Laravel\\Lumen\\Application), Array, Array, NULL)
#15 /Users/pacman/safeboda/vendor/laravel/lumen-framework/src/Concerns/RoutesRequests.php(386): Illuminate\\Container\\Container->call(Array, Array)
#16 /Users/pacman/safeboda/vendor/laravel/lumen-framework/src/Concerns/RoutesRequests.php(352): Laravel\\Lumen\\Application->callControllerCallable(Array, Array)
#17 /Users/pacman/safeboda/vendor/laravel/lumen-framework/src/Concerns/RoutesRequests.php(326): Laravel\\Lumen\\Application->callLumenController(Object(App\\Http\\Controllers\\CouponController), 'index', Array)
#18 /Users/pacman/safeboda/vendor/laravel/lumen-framework/src/Concerns/RoutesRequests.php(279): Laravel\\Lumen\\Application->callControllerAction(Array)
#19 /Users/pacman/safeboda/vendor/laravel/lumen-framework/src/Concerns/RoutesRequests.php(264): Laravel\\Lumen\\Application->callActionOnArrayBasedRoute(Array)
#20 /Users/pacman/safeboda/vendor/laravel/lumen-framework/src/Concerns/RoutesRequests.php(166): Laravel\\Lumen\\Application->handleFoundRoute(Array)
#21 /Users/pacman/safeboda/vendor/laravel/lumen-framework/src/Concerns/RoutesRequests.php(426): Laravel\\Lumen\\Application->Laravel\\Lumen\\Concerns\\{closure}(Object(Laravel\\Lumen\\Http\\Request))
#22 /Users/pacman/safeboda/vendor/laravel/lumen-framework/src/Concerns/RoutesRequests.php(172): Laravel\\Lumen\\Application->sendThroughPipeline(Array, Object(Closure))
#23 /Users/pacman/safeboda/vendor/laravel/lumen-framework/src/Concerns/RoutesRequests.php(109): Laravel\\Lumen\\Application->dispatch(NULL)
#24 /Users/pacman/safeboda/public/index.php(28): Laravel\\Lumen\\Application->run()
#25 {main}

[previous exception] [object] (InvalidArgumentException(code: 0): Database (database.db) does not exist. at /Users/pacman/safeboda/vendor/illuminate/database/Connectors/SQLiteConnector.php:34)
[stacktrace]
#0 /Users/pacman/safeboda/vendor/illuminate/database/Connectors/ConnectionFactory.php(222): Illuminate\\Database\\Connectors\\SQLiteConnector->connect(Array)
#1 [internal function]: Illuminate\\Database\\Connectors\\ConnectionFactory->Illuminate\\Database\\Connectors\\{closure}()
#2 /Users/pacman/safeboda/vendor/illuminate/database/Connection.php(956): call_user_func(Object(Closure))
#3 /Users/pacman/safeboda/vendor/illuminate/database/Connection.php(991): Illuminate\\Database\\Connection->getPdo()
#4 /Users/pacman/safeboda/vendor/illuminate/database/Connection.php(419): Illuminate\\Database\\Connection->getReadPdo()
#5 /Users/pacman/safeboda/vendor/illuminate/database/Connection.php(345): Illuminate\\Database\\Connection->getPdoForSelect(true)
#6 /Users/pacman/safeboda/vendor/illuminate/database/Connection.php(678): Illuminate\\Database\\Connection->Illuminate\\Database\\{closure}('select count(*)...', Array)
#7 /Users/pacman/safeboda/vendor/illuminate/database/Connection.php(645): Illuminate\\Database\\Connection->runQueryCallback('select count(*)...', Array, Object(Closure))
#8 /Users/pacman/safeboda/vendor/illuminate/database/Connection.php(353): Illuminate\\Database\\Connection->run('select count(*)...', Array, Object(Closure))
#9 /Users/pacman/safeboda/vendor/illuminate/database/Query/Builder.php(2351): Illuminate\\Database\\Connection->select('select count(*)...', Array, true)
#10 /Users/pacman/safeboda/vendor/illuminate/database/Query/Builder.php(2339): Illuminate\\Database\\Query\\Builder->runSelect()
#11 /Users/pacman/safeboda/vendor/illuminate/database/Query/Builder.php(2905): Illuminate\\Database\\Query\\Builder->Illuminate\\Database\\Query\\{closure}()
#12 /Users/pacman/safeboda/vendor/illuminate/database/Query/Builder.php(2340): Illuminate\\Database\\Query\\Builder->onceWithColumns(Array, Object(Closure))
#13 /Users/pacman/safeboda/vendor/illuminate/database/Query/Builder.php(2519): Illuminate\\Database\\Query\\Builder->get()
#14 /Users/pacman/safeboda/vendor/illuminate/database/Query/Builder.php(2478): Illuminate\\Database\\Query\\Builder->runPaginationCountQuery(Array)
#15 /Users/pacman/safeboda/vendor/illuminate/database/Eloquent/Builder.php(787): Illuminate\\Database\\Query\\Builder->getCountForPagination()
#16 /Users/pacman/safeboda/app/Http/Controllers/CouponController.php(15): Illuminate\\Database\\Eloquent\\Builder->paginate()
#17 /Users/pacman/safeboda/vendor/illuminate/container/BoundMethod.php(36): App\\Http\\Controllers\\CouponController->index()
#18 /Users/pacman/safeboda/vendor/illuminate/container/Util.php(40): Illuminate\\Container\\BoundMethod::Illuminate\\Container\\{closure}()
#19 /Users/pacman/safeboda/vendor/illuminate/container/BoundMethod.php(93): Illuminate\\Container\\Util::unwrapIfClosure(Object(Closure))
#20 /Users/pacman/safeboda/vendor/illuminate/container/BoundMethod.php(37): Illuminate\\Container\\BoundMethod::callBoundMethod(Object(Laravel\\Lumen\\Application), Array, Object(Closure))
#21 /Users/pacman/safeboda/vendor/illuminate/container/Container.php(614): Illuminate\\Container\\BoundMethod::call(Object(Laravel\\Lumen\\Application), Array, Array, NULL)
#22 /Users/pacman/safeboda/vendor/laravel/lumen-framework/src/Concerns/RoutesRequests.php(386): Illuminate\\Container\\Container->call(Array, Array)
#23 /Users/pacman/safeboda/vendor/laravel/lumen-framework/src/Concerns/RoutesRequests.php(352): Laravel\\Lumen\\Application->callControllerCallable(Array, Array)
#24 /Users/pacman/safeboda/vendor/laravel/lumen-framework/src/Concerns/RoutesRequests.php(326): Laravel\\Lumen\\Application->callLumenController(Object(App\\Http\\Controllers\\CouponController), 'index', Array)
#25 /Users/pacman/safeboda/vendor/laravel/lumen-framework/src/Concerns/RoutesRequests.php(279): Laravel\\Lumen\\Application->callControllerAction(Array)
#26 /Users/pacman/safeboda/vendor/laravel/lumen-framework/src/Concerns/RoutesRequests.php(264): Laravel\\Lumen\\Application->callActionOnArrayBasedRoute(Array)
#27 /Users/pacman/safeboda/vendor/laravel/lumen-framework/src/Concerns/RoutesRequests.php(166): Laravel\\Lumen\\Application->handleFoundRoute(Array)
#28 /Users/pacman/safeboda/vendor/laravel/lumen-framework/src/Concerns/RoutesRequests.php(426): Laravel\\Lumen\\Application->Laravel\\Lumen\\Concerns\\{closure}(Object(Laravel\\Lumen\\Http\\Request))
#29 /Users/pacman/safeboda/vendor/laravel/lumen-framework/src/Concerns/RoutesRequests.php(172): Laravel\\Lumen\\Application->sendThroughPipeline(Array, Object(Closure))
#30 /Users/pacman/safeboda/vendor/laravel/lumen-framework/src/Concerns/RoutesRequests.php(109): Laravel\\Lumen\\Application->dispatch(NULL)
#31 /Users/pacman/safeboda/public/index.php(28): Laravel\\Lumen\\Application->run()
#32 {main}
"} 
[2021-06-06 20:09:34] local.ERROR: SQLSTATE[HY000]: General error: 1 no such table: coupons (SQL: select count(*) as aggregate from "coupons") {"exception":"[object] (Illuminate\\Database\\QueryException(code: HY000): SQLSTATE[HY000]: General error: 1 no such table: coupons (SQL: select count(*) as aggregate from \"coupons\") at /Users/pacman/safeboda/vendor/illuminate/database/Connection.php:685)
[stacktrace]
#0 /Users/pacman/safeboda/vendor/illuminate/database/Connection.php(645): Illuminate\\Database\\Connection->runQueryCallback('select count(*)...', Array, Object(Closure))
#1 /Users/pacman/safeboda/vendor/illuminate/database/Connection.php(353): Illuminate\\Database\\Connection->run('select count(*)...', Array, Object(Closure))
#2 /Users/pacman/safeboda/vendor/illuminate/database/Query/Builder.php(2351): Illuminate\\Database\\Connection->select('select count(*)...', Array, true)
#3 /Users/pacman/safeboda/vendor/illuminate/database/Query/Builder.php(2339): Illuminate\\Database\\Query\\Builder->runSelect()
#4 /Users/pacman/safeboda/vendor/illuminate/database/Query/Builder.php(2905): Illuminate\\Database\\Query\\Builder->Illuminate\\Database\\Query\\{closure}()
#5 /Users/pacman/safeboda/vendor/illuminate/database/Query/Builder.php(2340): Illuminate\\Database\\Query\\Builder->onceWithColumns(Array, Object(Closure))
#6 /Users/pacman/safeboda/vendor/illuminate/database/Query/Builder.php(2519): Illuminate\\Database\\Query\\Builder->get()
#7 /Users/pacman/safeboda/vendor/illuminate/database/Query/Builder.php(2478): Illuminate\\Database\\Query\\Builder->runPaginationCountQuery(Array)
#8 /Users/pacman/safeboda/vendor/illuminate/database/Eloquent/Builder.php(787): Illuminate\\Database\\Query\\Builder->getCountForPagination()
#9 /Users/pacman/safeboda/app/Http/Controllers/CouponController.php(15): Illuminate\\Database\\Eloquent\\Builder->paginate()
#10 /Users/pacman/safeboda/vendor/illuminate/container/BoundMethod.php(36): App\\Http\\Controllers\\CouponController->index()
#11 /Users/pacman/safeboda/vendor/illuminate/container/Util.php(40): Illuminate\\Container\\BoundMethod::Illuminate\\Container\\{closure}()
#12 /Users/pacman/safeboda/vendor/illuminate/container/BoundMethod.php(93): Illuminate\\Container\\Util::unwrapIfClosure(Object(Closure))
#13 /Users/pacman/safeboda/vendor/illuminate/container/BoundMethod.php(37): Illuminate\\Container\\BoundMethod::callBoundMethod(Object(Laravel\\Lumen\\Application), Array, Object(Closure))
#14 /Users/pacman/safeboda/vendor/illuminate/container/Container.php(614): Illuminate\\Container\\BoundMethod::call(Object(Laravel\\Lumen\\Application), Array, Array, NULL)
#15 /Users/pacman/safeboda/vendor/laravel/lumen-framework/src/Concerns/RoutesRequests.php(386): Illuminate\\Container\\Container->call(Array, Array)
#16 /Users/pacman/safeboda/vendor/laravel/lumen-framework/src/Concerns/RoutesRequests.php(352): Laravel\\Lumen\\Application->callControllerCallable(Array, Array)
#17 /Users/pacman/safeboda/vendor/laravel/lumen-framework/src/Concerns/RoutesRequests.php(326): Laravel\\Lumen\\Application->callLumenController(Object(App\\Http\\Controllers\\CouponController), 'index', Array)
#18 /Users/pacman/safeboda/vendor/laravel/lumen-framework/src/Concerns/RoutesRequests.php(279): Laravel\\Lumen\\Application->callControllerAction(Array)
#19 /Users/pacman/safeboda/vendor/laravel/lumen-framework/src/Concerns/RoutesRequests.php(264): Laravel\\Lumen\\Application->callActionOnArrayBasedRoute(Array)
#20 /Users/pacman/safeboda/vendor/laravel/lumen-framework/src/Concerns/RoutesRequests.php(166): Laravel\\Lumen\\Application->handleFoundRoute(Array)
#21 /Users/pacman/safeboda/vendor/laravel/lumen-framework/src/Concerns/RoutesRequests.php(426): Laravel\\Lumen\\Application->Laravel\\Lumen\\Concerns\\{closure}(Object(Laravel\\Lumen\\Http\\Request))
#22 /Users/pacman/safeboda/vendor/laravel/lumen-framework/src/Concerns/RoutesRequests.php(172): Laravel\\Lumen\\Application->sendThroughPipeline(Array, Object(Closure))
#23 /Users/pacman/safeboda/vendor/laravel/lumen-framework/src/Concerns/RoutesRequests.php(109): Laravel\\Lumen\\Application->dispatch(NULL)
#24 /Users/pacman/safeboda/public/index.php(28): Laravel\\Lumen\\Application->run()
#25 {main}

[previous exception] [object] (PDOException(code: HY000): SQLSTATE[HY000]: General error: 1 no such table: coupons at /Users/pacman/safeboda/vendor/illuminate/database/Connection.php:345)
[stacktrace]
#0 /Users/pacman/safeboda/vendor/illuminate/database/Connection.php(345): PDO->prepare('select count(*)...')
#1 /Users/pacman/safeboda/vendor/illuminate/database/Connection.php(678): Illuminate\\Database\\Connection->Illuminate\\Database\\{closure}('select count(*)...', Array)
#2 /Users/pacman/safeboda/vendor/illuminate/database/Connection.php(645): Illuminate\\Database\\Connection->runQueryCallback('select count(*)...', Array, Object(Closure))
#3 /Users/pacman/safeboda/vendor/illuminate/database/Connection.php(353): Illuminate\\Database\\Connection->run('select count(*)...', Array, Object(Closure))
#4 /Users/pacman/safeboda/vendor/illuminate/database/Query/Builder.php(2351): Illuminate\\Database\\Connection->select('select count(*)...', Array, true)
#5 /Users/pacman/safeboda/vendor/illuminate/database/Query/Builder.php(2339): Illuminate\\Database\\Query\\Builder->runSelect()
#6 /Users/pacman/safeboda/vendor/illuminate/database/Query/Builder.php(2905): Illuminate\\Database\\Query\\Builder->Illuminate\\Database\\Query\\{closure}()
#7 /Users/pacman/safeboda/vendor/illuminate/database/Query/Builder.php(2340): Illuminate\\Database\\Query\\Builder->onceWithColumns(Array, Object(Closure))
#8 /Users/pacman/safeboda/vendor/illuminate/database/Query/Builder.php(2519): Illuminate\\Database\\Query\\Builder->get()
#9 /Users/pacman/safeboda/vendor/illuminate/database/Query/Builder.php(2478): Illuminate\\Database\\Query\\Builder->runPaginationCountQuery(Array)
#10 /Users/pacman/safeboda/vendor/illuminate/database/Eloquent/Builder.php(787): Illuminate\\Database\\Query\\Builder->getCountForPagination()
#11 /Users/pacman/safeboda/app/Http/Controllers/CouponController.php(15): Illuminate\\Database\\Eloquent\\Builder->paginate()
#12 /Users/pacman/safeboda/vendor/illuminate/container/BoundMethod.php(36): App\\Http\\Controllers\\CouponController->index()
#13 /Users/pacman/safeboda/vendor/illuminate/container/Util.php(40): Illuminate\\Container\\BoundMethod::Illuminate\\Container\\{closure}()
#14 /Users/pacman/safeboda/vendor/illuminate/container/BoundMethod.php(93): Illuminate\\Container\\Util::unwrapIfClosure(Object(Closure))
#15 /Users/pacman/safeboda/vendor/illuminate/container/BoundMethod.php(37): Illuminate\\Container\\BoundMethod::callBoundMethod(Object(Laravel\\Lumen\\Application), Array, Object(Closure))
#16 /Users/pacman/safeboda/vendor/illuminate/container/Container.php(614): Illuminate\\Container\\BoundMethod::call(Object(Laravel\\Lumen\\Application), Array, Array, NULL)
#17 /Users/pacman/safeboda/vendor/laravel/lumen-framework/src/Concerns/RoutesRequests.php(386): Illuminate\\Container\\Container->call(Array, Array)
#18 /Users/pacman/safeboda/vendor/laravel/lumen-framework/src/Concerns/RoutesRequests.php(352): Laravel\\Lumen\\Application->callControllerCallable(Array, Array)
#19 /Users/pacman/safeboda/vendor/laravel/lumen-framework/src/Concerns/RoutesRequests.php(326): Laravel\\Lumen\\Application->callLumenController(Object(App\\Http\\Controllers\\CouponController), 'index', Array)
#20 /Users/pacman/safeboda/vendor/laravel/lumen-framework/src/Concerns/RoutesRequests.php(279): Laravel\\Lumen\\Application->callControllerAction(Array)
#21 /Users/pacman/safeboda/vendor/laravel/lumen-framework/src/Concerns/RoutesRequests.php(264): Laravel\\Lumen\\Application->callActionOnArrayBasedRoute(Array)
#22 /Users/pacman/safeboda/vendor/laravel/lumen-framework/src/Concerns/RoutesRequests.php(166): Laravel\\Lumen\\Application->handleFoundRoute(Array)
#23 /Users/pacman/safeboda/vendor/laravel/lumen-framework/src/Concerns/RoutesRequests.php(426): Laravel\\Lumen\\Application->Laravel\\Lumen\\Concerns\\{closure}(Object(Laravel\\Lumen\\Http\\Request))
#24 /Users/pacman/safeboda/vendor/laravel/lumen-framework/src/Concerns/RoutesRequests.php(172): Laravel\\Lumen\\Application->sendThroughPipeline(Array, Object(Closure))
#25 /Users/pacman/safeboda/vendor/laravel/lumen-framework/src/Concerns/RoutesRequests.php(109): Laravel\\Lumen\\Application->dispatch(NULL)
#26 /Users/pacman/safeboda/public/index.php(28): Laravel\\Lumen\\Application->run()
#27 {main}
"} 
[2021-06-06 20:10:00] local.ERROR: Database (../database.db) does not exist. (SQL: select * from sqlite_master where type = 'table' and name = migrations) {"exception":"[object] (Illuminate\\Database\\QueryException(code: 0): Database (../database.db) does not exist. (SQL: select * from sqlite_master where type = 'table' and name = migrations) at /Users/pacman/safeboda/vendor/illuminate/database/Connection.php:685)
[stacktrace]
#0 /Users/pacman/safeboda/vendor/illuminate/database/Connection.php(645): Illuminate\\Database\\Connection->runQueryCallback('select * from s...', Array, Object(Closure))
#1 /Users/pacman/safeboda/vendor/illuminate/database/Connection.php(353): Illuminate\\Database\\Connection->run('select * from s...', Array, Object(Closure))
#2 /Users/pacman/safeboda/vendor/illuminate/database/Connection.php(323): Illuminate\\Database\\Connection->select('select * from s...', Array, false)
#3 /Users/pacman/safeboda/vendor/illuminate/database/Schema/Builder.php(136): Illuminate\\Database\\Connection->selectFromWriteConnection('select * from s...', Array)
#4 /Users/pacman/safeboda/vendor/illuminate/database/Migrations/DatabaseMigrationRepository.php(169): Illuminate\\Database\\Schema\\Builder->hasTable('migrations')
#5 /Users/pacman/safeboda/vendor/illuminate/database/Migrations/Migrator.php(645): Illuminate\\Database\\Migrations\\DatabaseMigrationRepository->repositoryExists()
#6 /Users/pacman/safeboda/vendor/illuminate/database/Console/Migrations/MigrateCommand.php(106): Illuminate\\Database\\Migrations\\Migrator->repositoryExists()
#7 /Users/pacman/safeboda/vendor/illuminate/database/Console/Migrations/MigrateCommand.php(77): Illuminate\\Database\\Console\\Migrations\\MigrateCommand->prepareDatabase()
#8 /Users/pacman/safeboda/vendor/illuminate/database/Migrations/Migrator.php(578): Illuminate\\Database\\Console\\Migrations\\MigrateCommand->Illuminate\\Database\\Console\\Migrations\\{closure}()
#9 /Users/pacman/safeboda/vendor/illuminate/database/Console/Migrations/MigrateCommand.php(94): Illuminate\\Database\\Migrations\\Migrator->usingConnection(NULL, Object(Closure))
#10 /Users/pacman/safeboda/vendor/illuminate/container/BoundMethod.php(36): Illuminate\\Database\\Console\\Migrations\\MigrateCommand->handle()
#11 /Users/pacman/safeboda/vendor/illuminate/container/Util.php(40): Illuminate\\Container\\BoundMethod::Illuminate\\Container\\{closure}()
#12 /Users/pacman/safeboda/vendor/illuminate/container/BoundMethod.php(93): Illuminate\\Container\\Util::unwrapIfClosure(Object(Closure))
#13 /Users/pacman/safeboda/vendor/illuminate/container/BoundMethod.php(37): Illuminate\\Container\\BoundMethod::callBoundMethod(Object(Laravel\\Lumen\\Application), Array, Object(Closure))
#14 /Users/pacman/safeboda/vendor/illuminate/container/Container.php(614): Illuminate\\Container\\BoundMethod::call(Object(Laravel\\Lumen\\Application), Array, Array, NULL)
#15 /Users/pacman/safeboda/vendor/illuminate/console/Command.php(136): Illuminate\\Container\\Container->call(Array)
#16 /Users/pacman/safeboda/vendor/symfony/console/Command/Command.php(288): Illuminate\\Console\\Command->execute(Object(Symfony\\Component\\Console\\Input\\ArgvInput), Object(Illuminate\\Console\\OutputStyle))
#17 /Users/pacman/safeboda/vendor/illuminate/console/Command.php(121): Symfony\\Component\\Console\\Command\\Command->run(Object(Symfony\\Component\\Console\\Input\\ArgvInput), Object(Illuminate\\Console\\OutputStyle))
#18 /Users/pacman/safeboda/vendor/symfony/console/Application.php(974): Illuminate\\Console\\Command->run(Object(Symfony\\Component\\Console\\Input\\ArgvInput), Object(Symfony\\Component\\Console\\Output\\ConsoleOutput))
#19 /Users/pacman/safeboda/vendor/symfony/console/Application.php(291): Symfony\\Component\\Console\\Application->doRunCommand(Object(Illuminate\\Database\\Console\\Migrations\\MigrateCommand), Object(Symfony\\Component\\Console\\Input\\ArgvInput), Object(Symfony\\Component\\Console\\Output\\ConsoleOutput))
#20 /Users/pacman/safeboda/vendor/symfony/console/Application.php(167): Symfony\\Component\\Console\\Application->doRun(Object(Symfony\\Component\\Console\\Input\\ArgvInput), Object(Symfony\\Component\\Console\\Output\\ConsoleOutput))
#21 /Users/pacman/safeboda/vendor/illuminate/console/Application.php(92): Symfony\\Component\\Console\\Application->run(Object(Symfony\\Component\\Console\\Input\\ArgvInput), Object(Symfony\\Component\\Console\\Output\\ConsoleOutput))
#22 /Users/pacman/safeboda/vendor/laravel/lumen-framework/src/Console/Kernel.php(116): Illuminate\\Console\\Application->run(Object(Symfony\\Component\\Console\\Input\\ArgvInput), Object(Symfony\\Component\\Console\\Output\\ConsoleOutput))
#23 /Users/pacman/safeboda/artisan(35): Laravel\\Lumen\\Console\\Kernel->handle(Object(Symfony\\Component\\Console\\Input\\ArgvInput), Object(Symfony\\Component\\Console\\Output\\ConsoleOutput))
#24 {main}

[previous exception] [object] (InvalidArgumentException(code: 0): Database (../database.db) does not exist. at /Users/pacman/safeboda/vendor/illuminate/database/Connectors/SQLiteConnector.php:34)
[stacktrace]
#0 /Users/pacman/safeboda/vendor/illuminate/database/Connectors/ConnectionFactory.php(222): Illuminate\\Database\\Connectors\\SQLiteConnector->connect(Array)
#1 [internal function]: Illuminate\\Database\\Connectors\\ConnectionFactory->Illuminate\\Database\\Connectors\\{closure}()
#2 /Users/pacman/safeboda/vendor/illuminate/database/Connection.php(956): call_user_func(Object(Closure))
#3 /Users/pacman/safeboda/vendor/illuminate/database/Connection.php(419): Illuminate\\Database\\Connection->getPdo()
#4 /Users/pacman/safeboda/vendor/illuminate/database/Connection.php(345): Illuminate\\Database\\Connection->getPdoForSelect(false)
#5 /Users/pacman/safeboda/vendor/illuminate/database/Connection.php(678): Illuminate\\Database\\Connection->Illuminate\\Database\\{closure}('select * from s...', Array)
#6 /Users/pacman/safeboda/vendor/illuminate/database/Connection.php(645): Illuminate\\Database\\Connection->runQueryCallback('select * from s...', Array, Object(Closure))
#7 /Users/pacman/safeboda/vendor/illuminate/database/Connection.php(353): Illuminate\\Database\\Connection->run('select * from s...', Array, Object(Closure))
#8 /Users/pacman/safeboda/vendor/illuminate/database/Connection.php(323): Illuminate\\Database\\Connection->select('select * from s...', Array, false)
#9 /Users/pacman/safeboda/vendor/illuminate/database/Schema/Builder.php(136): Illuminate\\Database\\Connection->selectFromWriteConnection('select * from s...', Array)
#10 /Users/pacman/safeboda/vendor/illuminate/database/Migrations/DatabaseMigrationRepository.php(169): Illuminate\\Database\\Schema\\Builder->hasTable('migrations')
#11 /Users/pacman/safeboda/vendor/illuminate/database/Migrations/Migrator.php(645): Illuminate\\Database\\Migrations\\DatabaseMigrationRepository->repositoryExists()
#12 /Users/pacman/safeboda/vendor/illuminate/database/Console/Migrations/MigrateCommand.php(106): Illuminate\\Database\\Migrations\\Migrator->repositoryExists()
#13 /Users/pacman/safeboda/vendor/illuminate/database/Console/Migrations/MigrateCommand.php(77): Illuminate\\Database\\Console\\Migrations\\MigrateCommand->prepareDatabase()
#14 /Users/pacman/safeboda/vendor/illuminate/database/Migrations/Migrator.php(578): Illuminate\\Database\\Console\\Migrations\\MigrateCommand->Illuminate\\Database\\Console\\Migrations\\{closure}()
#15 /Users/pacman/safeboda/vendor/illuminate/database/Console/Migrations/MigrateCommand.php(94): Illuminate\\Database\\Migrations\\Migrator->usingConnection(NULL, Object(Closure))
#16 /Users/pacman/safeboda/vendor/illuminate/container/BoundMethod.php(36): Illuminate\\Database\\Console\\Migrations\\MigrateCommand->handle()
#17 /Users/pacman/safeboda/vendor/illuminate/container/Util.php(40): Illuminate\\Container\\BoundMethod::Illuminate\\Container\\{closure}()
#18 /Users/pacman/safeboda/vendor/illuminate/container/BoundMethod.php(93): Illuminate\\Container\\Util::unwrapIfClosure(Object(Closure))
#19 /Users/pacman/safeboda/vendor/illuminate/container/BoundMethod.php(37): Illuminate\\Container\\BoundMethod::callBoundMethod(Object(Laravel\\Lumen\\Application), Array, Object(Closure))
#20 /Users/pacman/safeboda/vendor/illuminate/container/Container.php(614): Illuminate\\Container\\BoundMethod::call(Object(Laravel\\Lumen\\Application), Array, Array, NULL)
#21 /Users/pacman/safeboda/vendor/illuminate/console/Command.php(136): Illuminate\\Container\\Container->call(Array)
#22 /Users/pacman/safeboda/vendor/symfony/console/Command/Command.php(288): Illuminate\\Console\\Command->execute(Object(Symfony\\Component\\Console\\Input\\ArgvInput), Object(Illuminate\\Console\\OutputStyle))
#23 /Users/pacman/safeboda/vendor/illuminate/console/Command.php(121): Symfony\\Component\\Console\\Command\\Command->run(Object(Symfony\\Component\\Console\\Input\\ArgvInput), Object(Illuminate\\Console\\OutputStyle))
#24 /Users/pacman/safeboda/vendor/symfony/console/Application.php(974): Illuminate\\Console\\Command->run(Object(Symfony\\Component\\Console\\Input\\ArgvInput), Object(Symfony\\Component\\Console\\Output\\ConsoleOutput))
#25 /Users/pacman/safeboda/vendor/symfony/console/Application.php(291): Symfony\\Component\\Console\\Application->doRunCommand(Object(Illuminate\\Database\\Console\\Migrations\\MigrateCommand), Object(Symfony\\Component\\Console\\Input\\ArgvInput), Object(Symfony\\Component\\Console\\Output\\ConsoleOutput))
#26 /Users/pacman/safeboda/vendor/symfony/console/Application.php(167): Symfony\\Component\\Console\\Application->doRun(Object(Symfony\\Component\\Console\\Input\\ArgvInput), Object(Symfony\\Component\\Console\\Output\\ConsoleOutput))
#27 /Users/pacman/safeboda/vendor/illuminate/console/Application.php(92): Symfony\\Component\\Console\\Application->run(Object(Symfony\\Component\\Console\\Input\\ArgvInput), Object(Symfony\\Component\\Console\\Output\\ConsoleOutput))
#28 /Users/pacman/safeboda/vendor/laravel/lumen-framework/src/Console/Kernel.php(116): Illuminate\\Console\\Application->run(Object(Symfony\\Component\\Console\\Input\\ArgvInput), Object(Symfony\\Component\\Console\\Output\\ConsoleOutput))
#29 /Users/pacman/safeboda/artisan(35): Laravel\\Lumen\\Console\\Kernel->handle(Object(Symfony\\Component\\Console\\Input\\ArgvInput), Object(Symfony\\Component\\Console\\Output\\ConsoleOutput))
#30 {main}
"} 
